[debug] [2022-09-13T00:53:26.582Z] ----------------------------------------------------------------------
[debug] [2022-09-13T00:53:26.587Z] Command:       C:\Program Files\nodejs\node.exe C:\Users\BuiLoc\AppData\Roaming\npm\node_modules\firebase-tools\lib\bin\firebase.js init
[debug] [2022-09-13T00:53:26.588Z] CLI Version:   11.9.0
[debug] [2022-09-13T00:53:26.589Z] Platform:      win32
[debug] [2022-09-13T00:53:26.589Z] Node Version:  v16.15.0
[debug] [2022-09-13T00:53:26.599Z] Time:          Tue Sep 13 2022 07:53:26 GMT+0700 (Indochina Time)
[debug] [2022-09-13T00:53:26.599Z] ----------------------------------------------------------------------
[debug] 
[debug] [2022-09-13T00:53:26.745Z] > command requires scopes: ["email","openid","https://www.googleapis.com/auth/cloudplatformprojects.readonly","https://www.googleapis.com/auth/firebase","https://www.googleapis.com/auth/cloud-platform"]
[debug] [2022-09-13T00:53:26.746Z] > authorizing via signed-in user (btloc2304@gmail.com)
[info] 
     ######## #### ########  ######## ########     ###     ######  ########
     ##        ##  ##     ## ##       ##     ##  ##   ##  ##       ##
     ######    ##  ########  ######   ########  #########  ######  ######
     ##        ##  ##    ##  ##       ##     ## ##     ##       ## ##
     ##       #### ##     ## ######## ########  ##     ##  ######  ########

You're about to initialize a Firebase project in this directory:

  C:\Users\BuiLoc\Desktop\fire-blogs

Before we get started, keep in mind:

  * You are initializing within an existing Firebase project directory

[info] 
=== Project Setup
[info] 
[info] First, let's associate this project directory with a Firebase project.
[info] You can create multiple project aliases by running firebase use --add, 
[info] but for now we'll just set up a default project.
[info] 
[debug] [2022-09-13T00:53:40.651Z] Using project from CLI flag: fire-blogs-59e98
[debug] [2022-09-13T00:53:40.653Z] > refreshing access token with scopes: []
[debug] [2022-09-13T00:53:40.656Z] >>> [apiv2][query] POST https://www.googleapis.com/oauth2/v3/token [none]
[debug] [2022-09-13T00:53:40.656Z] >>> [apiv2][body] POST https://www.googleapis.com/oauth2/v3/token [omitted]
[debug] [2022-09-13T00:53:40.698Z] Authentication Error: Your credentials are no longer valid. Please run firebase login --reauth

For CI servers and headless environments, generate a new token with firebase login:ci
[debug] [2022-09-13T00:53:40.707Z] FirebaseError: Authentication Error: Your credentials are no longer valid. Please run firebase login --reauth

For CI servers and headless environments, generate a new token with firebase login:ci
    at invalidCredentialError (C:\Users\BuiLoc\AppData\Roaming\npm\node_modules\firebase-tools\lib\auth.js:144:12)
    at refreshTokens (C:\Users\BuiLoc\AppData\Roaming\npm\node_modules\firebase-tools\lib\auth.js:508:15)
    at processTicksAndRejections (node:internal/process/task_queues:96:5)
    at async Client.getAccessToken (C:\Users\BuiLoc\AppData\Roaming\npm\node_modules\firebase-tools\lib\apiv2.js:149:23)
    at async Client.addAuthHeader (C:\Users\BuiLoc\AppData\Roaming\npm\node_modules\firebase-tools\lib\apiv2.js:140:21)
    at async Client.request (C:\Users\BuiLoc\AppData\Roaming\npm\node_modules\firebase-tools\lib\apiv2.js:96:34)
    at async getFirebaseProject (C:\Users\BuiLoc\AppData\Roaming\npm\node_modules\firebase-tools\lib\management\projects.js:295:21)
    at async doSetup (C:\Users\BuiLoc\AppData\Roaming\npm\node_modules\firebase-tools\lib\init\features\project.js:85:27)
    at async init (C:\Users\BuiLoc\AppData\Roaming\npm\node_modules\firebase-tools\lib\init\index.js:36:9)
[error] 
[error] Error: Failed to get Firebase project fire-blogs-59e98. Please make sure the project exists and your account has permission to access it.
